G:\Inawo\ClientApp\dist\out-tsc\app\dashboard\dashboard.component.js
G:\Inawo\ClientApp\dist\out-tsc\app\dashboard\dashboard.component.js.map
G:\Inawo\ClientApp\dist\out-tsc\app\home\home.component.js
G:\Inawo\ClientApp\dist\out-tsc\app\home\home.component.js.map
G:\Inawo\ClientApp\dist\out-tsc\app\app-routing.module.js
G:\Inawo\ClientApp\dist\out-tsc\app\app-routing.module.js.map
G:\Inawo\ClientApp\dist\out-tsc\app\app.component.js
G:\Inawo\ClientApp\dist\out-tsc\app\app.component.js.map
G:\Inawo\ClientApp\dist\out-tsc\app\shared\footer\footer.component.js
G:\Inawo\ClientApp\dist\out-tsc\app\shared\footer\footer.component.js.map
G:\Inawo\ClientApp\dist\out-tsc\app\shared\header\header.component.js
G:\Inawo\ClientApp\dist\out-tsc\app\shared\header\header.component.js.map
G:\Inawo\ClientApp\dist\out-tsc\app\shared\menu\menu.component.js
G:\Inawo\ClientApp\dist\out-tsc\app\shared\menu\menu.component.js.map
G:\Inawo\ClientApp\dist\out-tsc\app\auth\signup\signup.component.js
G:\Inawo\ClientApp\dist\out-tsc\app\auth\signup\signup.component.js.map
G:\Inawo\ClientApp\dist\out-tsc\app\auth\signin\signin.component.js
G:\Inawo\ClientApp\dist\out-tsc\app\auth\signin\signin.component.js.map
G:\Inawo\ClientApp\dist\out-tsc\app\app.module.js
G:\Inawo\ClientApp\dist\out-tsc\app\app.module.js.map
G:\Inawo\ClientApp\dist\out-tsc\environments\environment.js
G:\Inawo\ClientApp\dist\out-tsc\environments\environment.js.map
G:\Inawo\ClientApp\dist\out-tsc\main.js
G:\Inawo\ClientApp\dist\out-tsc\main.js.map
G:\Inawo\ClientApp\dist\out-tsc\polyfills.js
G:\Inawo\ClientApp\dist\out-tsc\polyfills.js.map
G:\Inawo\ClientApp\dist\out-tsc\test.js
G:\Inawo\ClientApp\dist\out-tsc\test.js.map
G:\Inawo\ClientApp\dist\out-tsc\app\app.component.spec.js
G:\Inawo\ClientApp\dist\out-tsc\app\app.component.spec.js.map
G:\Inawo\ClientApp\dist\out-tsc\app\auth\signin\signin.component.spec.js
G:\Inawo\ClientApp\dist\out-tsc\app\auth\signin\signin.component.spec.js.map
G:\Inawo\ClientApp\dist\out-tsc\app\auth\signup\signup.component.spec.js
G:\Inawo\ClientApp\dist\out-tsc\app\auth\signup\signup.component.spec.js.map
G:\Inawo\ClientApp\dist\out-tsc\app\core\core.module.js
G:\Inawo\ClientApp\dist\out-tsc\app\core\core.module.js.map
G:\Inawo\ClientApp\dist\out-tsc\app\dashboard\dashboard.component.spec.js
G:\Inawo\ClientApp\dist\out-tsc\app\dashboard\dashboard.component.spec.js.map
G:\Inawo\ClientApp\dist\out-tsc\app\home\home.component.spec.js
G:\Inawo\ClientApp\dist\out-tsc\app\home\home.component.spec.js.map
G:\Inawo\ClientApp\dist\out-tsc\app\shared\footer\footer.component.spec.js
G:\Inawo\ClientApp\dist\out-tsc\app\shared\footer\footer.component.spec.js.map
G:\Inawo\ClientApp\dist\out-tsc\app\shared\header\header.component.spec.js
G:\Inawo\ClientApp\dist\out-tsc\app\shared\header\header.component.spec.js.map
G:\Inawo\ClientApp\dist\out-tsc\app\shared\menu\menu.component.spec.js
G:\Inawo\ClientApp\dist\out-tsc\app\shared\menu\menu.component.spec.js.map
G:\Inawo\ClientApp\dist\out-tsc\environments\environment.prod.js
G:\Inawo\ClientApp\dist\out-tsc\environments\environment.prod.js.map
